2022-02-14 12:01:25.138  INFO 754 --- [main] c.j.trackAPI.TrackApiApplication         : Starting TrackApiApplication using Java 11.0.13 on MacBook-Pro-Jakub.local with PID 754 (/Users/jakubwawak/Mój dysk/PROJEKTY PROGRAMOWANIE/Aktywne Projekty/src/java projects/trackAPI/application/trackAPI/target/classes started by jakubwawak in /Users/jakubwawak/Mój dysk/PROJEKTY PROGRAMOWANIE/Aktywne Projekty/src/java projects/trackAPI/application/trackAPI)
2022-02-14 12:01:25.143  INFO 754 --- [main] c.j.trackAPI.TrackApiApplication         : No active profile set, falling back to default profiles: default
2022-02-14 12:01:26.214  INFO 754 --- [main] o.s.b.w.embedded.tomcat.TomcatWebServer  : Tomcat initialized with port(s): 8080 (http)
2022-02-14 12:01:26.225  INFO 754 --- [main] o.apache.catalina.core.StandardService   : Starting service [Tomcat]
2022-02-14 12:01:26.226  INFO 754 --- [main] org.apache.catalina.core.StandardEngine  : Starting Servlet engine: [Apache Tomcat/9.0.52]
2022-02-14 12:01:26.301  INFO 754 --- [main] o.a.c.c.C.[Tomcat].[localhost].[/]       : Initializing Spring embedded WebApplicationContext
2022-02-14 12:01:26.301  INFO 754 --- [main] w.s.c.ServletWebServerApplicationContext : Root WebApplicationContext: initialization completed in 1037 ms
2022-02-14 12:01:26.566  INFO 754 --- [main] o.s.b.a.w.s.WelcomePageHandlerMapping    : Adding welcome page: class path resource [public/index.html]
2022-02-14 12:01:26.676  INFO 754 --- [main] o.s.b.w.embedded.tomcat.TomcatWebServer  : Tomcat started on port(s): 8080 (http) with context path ''
2022-02-14 12:01:26.687  INFO 754 --- [main] c.j.trackAPI.TrackApiApplication         : Started TrackApiApplication in 1.94 seconds (JVM running for 9.917)
2022-02-14 12:08:43.130  INFO 754 --- [http-nio-8080-exec-1] o.a.c.c.C.[Tomcat].[localhost].[/]       : Initializing Spring DispatcherServlet 'dispatcherServlet'
2022-02-14 12:08:43.131  INFO 754 --- [http-nio-8080-exec-1] o.s.web.servlet.DispatcherServlet        : Initializing Servlet 'dispatcherServlet'
2022-02-14 12:08:43.131  INFO 754 --- [http-nio-8080-exec-1] o.s.web.servlet.DispatcherServlet        : Completed initialization in 0 ms
2022-02-14 12:43:53.316  INFO 1177 --- [main] c.j.trackAPI.TrackApiApplication         : Starting TrackApiApplication using Java 11.0.13 on MacBook-Pro-Jakub.local with PID 1177 (/Users/jakubwawak/Mój dysk/PROJEKTY PROGRAMOWANIE/Aktywne Projekty/src/java projects/trackAPI/application/trackAPI/target/classes started by jakubwawak in /Users/jakubwawak/Mój dysk/PROJEKTY PROGRAMOWANIE/Aktywne Projekty/src/java projects/trackAPI/application/trackAPI)
2022-02-14 12:43:53.318  INFO 1177 --- [main] c.j.trackAPI.TrackApiApplication         : No active profile set, falling back to default profiles: default
2022-02-14 12:43:53.960  INFO 1177 --- [main] o.s.b.w.embedded.tomcat.TomcatWebServer  : Tomcat initialized with port(s): 8080 (http)
2022-02-14 12:43:53.966  INFO 1177 --- [main] o.apache.catalina.core.StandardService   : Starting service [Tomcat]
2022-02-14 12:43:53.966  INFO 1177 --- [main] org.apache.catalina.core.StandardEngine  : Starting Servlet engine: [Apache Tomcat/9.0.52]
2022-02-14 12:43:54.006  INFO 1177 --- [main] o.a.c.c.C.[Tomcat].[localhost].[/]       : Initializing Spring embedded WebApplicationContext
2022-02-14 12:43:54.006  INFO 1177 --- [main] w.s.c.ServletWebServerApplicationContext : Root WebApplicationContext: initialization completed in 659 ms
2022-02-14 12:43:54.169  INFO 1177 --- [main] o.s.b.a.w.s.WelcomePageHandlerMapping    : Adding welcome page: class path resource [public/index.html]
2022-02-14 12:43:54.247  INFO 1177 --- [main] o.s.b.w.embedded.tomcat.TomcatWebServer  : Tomcat started on port(s): 8080 (http) with context path ''
2022-02-14 12:43:54.255  INFO 1177 --- [main] c.j.trackAPI.TrackApiApplication         : Started TrackApiApplication in 1.234 seconds (JVM running for 10.189)
2022-02-14 12:44:05.676  INFO 1177 --- [http-nio-8080-exec-1] o.a.c.c.C.[Tomcat].[localhost].[/]       : Initializing Spring DispatcherServlet 'dispatcherServlet'
2022-02-14 12:44:05.677  INFO 1177 --- [http-nio-8080-exec-1] o.s.web.servlet.DispatcherServlet        : Initializing Servlet 'dispatcherServlet'
2022-02-14 12:44:05.678  INFO 1177 --- [http-nio-8080-exec-1] o.s.web.servlet.DispatcherServlet        : Completed initialization in 1 ms
2022-02-14 12:55:53.334  INFO 1278 --- [main] c.j.trackAPI.TrackApiApplication         : Starting TrackApiApplication using Java 11.0.13 on MacBook-Pro-Jakub.local with PID 1278 (/Users/jakubwawak/Mój dysk/PROJEKTY PROGRAMOWANIE/Aktywne Projekty/src/java projects/trackAPI/application/trackAPI/target/classes started by jakubwawak in /Users/jakubwawak/Mój dysk/PROJEKTY PROGRAMOWANIE/Aktywne Projekty/src/java projects/trackAPI/application/trackAPI)
2022-02-14 12:55:53.336  INFO 1278 --- [main] c.j.trackAPI.TrackApiApplication         : No active profile set, falling back to default profiles: default
2022-02-14 12:55:53.957  INFO 1278 --- [main] o.s.b.w.embedded.tomcat.TomcatWebServer  : Tomcat initialized with port(s): 8080 (http)
2022-02-14 12:55:53.963  INFO 1278 --- [main] o.apache.catalina.core.StandardService   : Starting service [Tomcat]
2022-02-14 12:55:53.963  INFO 1278 --- [main] org.apache.catalina.core.StandardEngine  : Starting Servlet engine: [Apache Tomcat/9.0.52]
2022-02-14 12:55:54.000  INFO 1278 --- [main] o.a.c.c.C.[Tomcat].[localhost].[/]       : Initializing Spring embedded WebApplicationContext
2022-02-14 12:55:54.000  INFO 1278 --- [main] w.s.c.ServletWebServerApplicationContext : Root WebApplicationContext: initialization completed in 625 ms
2022-02-14 12:55:54.161  INFO 1278 --- [main] o.s.b.a.w.s.WelcomePageHandlerMapping    : Adding welcome page: class path resource [public/index.html]
2022-02-14 12:55:54.238  INFO 1278 --- [main] o.s.b.w.embedded.tomcat.TomcatWebServer  : Tomcat started on port(s): 8080 (http) with context path ''
2022-02-14 12:55:54.246  INFO 1278 --- [main] c.j.trackAPI.TrackApiApplication         : Started TrackApiApplication in 1.18 seconds (JVM running for 14.056)
2022-02-14 12:56:01.640  INFO 1278 --- [http-nio-8080-exec-1] o.a.c.c.C.[Tomcat].[localhost].[/]       : Initializing Spring DispatcherServlet 'dispatcherServlet'
2022-02-14 12:56:01.641  INFO 1278 --- [http-nio-8080-exec-1] o.s.web.servlet.DispatcherServlet        : Initializing Servlet 'dispatcherServlet'
2022-02-14 12:56:01.641  INFO 1278 --- [http-nio-8080-exec-1] o.s.web.servlet.DispatcherServlet        : Completed initialization in 0 ms
2022-02-14 14:01:23.228  INFO 1410 --- [main] c.j.trackAPI.TrackApiApplication         : Starting TrackApiApplication using Java 11.0.13 on MacBook-Pro-Jakub.local with PID 1410 (/Users/jakubwawak/Mój dysk/PROJEKTY PROGRAMOWANIE/Aktywne Projekty/src/java projects/trackAPI/application/trackAPI/target/classes started by jakubwawak in /Users/jakubwawak/Mój dysk/PROJEKTY PROGRAMOWANIE/Aktywne Projekty/src/java projects/trackAPI/application/trackAPI)
2022-02-14 14:01:23.230  INFO 1410 --- [main] c.j.trackAPI.TrackApiApplication         : No active profile set, falling back to default profiles: default
2022-02-14 14:01:23.887  INFO 1410 --- [main] o.s.b.w.embedded.tomcat.TomcatWebServer  : Tomcat initialized with port(s): 8080 (http)
2022-02-14 14:01:23.893  INFO 1410 --- [main] o.apache.catalina.core.StandardService   : Starting service [Tomcat]
2022-02-14 14:01:23.893  INFO 1410 --- [main] org.apache.catalina.core.StandardEngine  : Starting Servlet engine: [Apache Tomcat/9.0.52]
2022-02-14 14:01:23.932  INFO 1410 --- [main] o.a.c.c.C.[Tomcat].[localhost].[/]       : Initializing Spring embedded WebApplicationContext
2022-02-14 14:01:23.932  INFO 1410 --- [main] w.s.c.ServletWebServerApplicationContext : Root WebApplicationContext: initialization completed in 671 ms
2022-02-14 14:01:24.100  INFO 1410 --- [main] o.s.b.a.w.s.WelcomePageHandlerMapping    : Adding welcome page: class path resource [public/index.html]
2022-02-14 14:01:24.182  INFO 1410 --- [main] o.s.b.w.embedded.tomcat.TomcatWebServer  : Tomcat started on port(s): 8080 (http) with context path ''
2022-02-14 14:01:24.190  INFO 1410 --- [main] c.j.trackAPI.TrackApiApplication         : Started TrackApiApplication in 1.283 seconds (JVM running for 8.072)
2022-02-14 14:01:44.370  INFO 1410 --- [http-nio-8080-exec-1] o.a.c.c.C.[Tomcat].[localhost].[/]       : Initializing Spring DispatcherServlet 'dispatcherServlet'
2022-02-14 14:01:44.370  INFO 1410 --- [http-nio-8080-exec-1] o.s.web.servlet.DispatcherServlet        : Initializing Servlet 'dispatcherServlet'
2022-02-14 14:01:44.371  INFO 1410 --- [http-nio-8080-exec-1] o.s.web.servlet.DispatcherServlet        : Completed initialization in 1 ms
2022-02-14 15:16:02.513  INFO 1923 --- [main] c.j.trackAPI.TrackApiApplication         : Starting TrackApiApplication using Java 11.0.13 on MacBook-Pro-Jakub.local with PID 1923 (/Users/jakubwawak/Mój dysk/PROJEKTY PROGRAMOWANIE/Aktywne Projekty/src/java projects/trackAPI/application/trackAPI/target/classes started by jakubwawak in /Users/jakubwawak/Mój dysk/PROJEKTY PROGRAMOWANIE/Aktywne Projekty/src/java projects/trackAPI/application/trackAPI)
2022-02-14 15:16:02.515  INFO 1923 --- [main] c.j.trackAPI.TrackApiApplication         : No active profile set, falling back to default profiles: default
2022-02-14 15:16:03.213  INFO 1923 --- [main] o.s.b.w.embedded.tomcat.TomcatWebServer  : Tomcat initialized with port(s): 8080 (http)
2022-02-14 15:16:03.220  INFO 1923 --- [main] o.apache.catalina.core.StandardService   : Starting service [Tomcat]
2022-02-14 15:16:03.220  INFO 1923 --- [main] org.apache.catalina.core.StandardEngine  : Starting Servlet engine: [Apache Tomcat/9.0.52]
2022-02-14 15:16:03.264  INFO 1923 --- [main] o.a.c.c.C.[Tomcat].[localhost].[/]       : Initializing Spring embedded WebApplicationContext
2022-02-14 15:16:03.264  INFO 1923 --- [main] w.s.c.ServletWebServerApplicationContext : Root WebApplicationContext: initialization completed in 718 ms
2022-02-14 15:16:03.456  INFO 1923 --- [main] o.s.b.a.w.s.WelcomePageHandlerMapping    : Adding welcome page: class path resource [public/index.html]
2022-02-14 15:16:03.553  INFO 1923 --- [main] o.s.b.w.embedded.tomcat.TomcatWebServer  : Tomcat started on port(s): 8080 (http) with context path ''
2022-02-14 15:16:03.561  INFO 1923 --- [main] c.j.trackAPI.TrackApiApplication         : Started TrackApiApplication in 1.348 seconds (JVM running for 12.493)
2022-02-14 15:16:13.751  INFO 1923 --- [http-nio-8080-exec-1] o.a.c.c.C.[Tomcat].[localhost].[/]       : Initializing Spring DispatcherServlet 'dispatcherServlet'
2022-02-14 15:16:13.751  INFO 1923 --- [http-nio-8080-exec-1] o.s.web.servlet.DispatcherServlet        : Initializing Servlet 'dispatcherServlet'
2022-02-14 15:16:13.752  INFO 1923 --- [http-nio-8080-exec-1] o.s.web.servlet.DispatcherServlet        : Completed initialization in 1 ms
